<?xml version="1.0" encoding="UTF-8"?>
<!-- Generated by org.testng.reporters.JUnitXMLReporter -->
<testsuite ignored="5" hostname="LAPTOP-JVO5EBGE" failures="0" tests="2" name="Test" time="118.664" errors="0" timestamp="2021-06-02T18:31:17 IDT">
  <testcase classname="aaa.bbb.FinalProject.tests.SignupWebTest" name="f" time="39.238"/>
  <testcase classname="aaa.bbb.FinalProject.tests.LoginTest" name="f" time="16.602"/>
  <testcase classname="aaa.bbb.FinalProject.tests.RemoveItemCarTest" name="f" time="0.0">
    <ignored/>
  </testcase> <!-- f -->
  <testcase classname="aaa.bbb.FinalProject.tests.SignUpForSalesTest" name="f" time="0.0">
    <ignored/>
  </testcase> <!-- f -->
  <testcase classname="aaa.bbb.FinalProject.tests.SearchItemInBrowserTest" name="f" time="0.0">
    <ignored/>
  </testcase> <!-- f -->
  <testcase classname="aaa.bbb.FinalProject.tests.AddItemToCartTest" name="f" time="0.0">
    <ignored/>
  </testcase> <!-- f -->
  <testcase classname="aaa.bbb.FinalProject.tests.MyContactUsTest" name="f" time="0.0">
    <ignored/>
  </testcase> <!-- f -->
</testsuite> <!-- Test -->
