<?xml version="1.0" encoding="UTF-8"?>
<testng-results ignored="0" total="1" passed="1" failed="0" skipped="0">
  <reporter-output>
  </reporter-output>
  <suite started-at="2021-06-02T22:22:04 IDT" name="Default suite" finished-at="2021-06-02T22:22:28 IDT" duration-ms="23766">
    <groups>
      <group name="bonding">
        <method signature="LoginTest.f()[pri:0, instance:aaa.bbb.FinalProject.tests.LoginTest@3541cb24]" name="f" class="aaa.bbb.FinalProject.tests.LoginTest"/>
      </group> <!-- bonding -->
    </groups>
    <test started-at="2021-06-02T22:22:04 IDT" name="Default test" finished-at="2021-06-02T22:22:28 IDT" duration-ms="23766">
      <class name="aaa.bbb.FinalProject.tests.LoginTest">
        <test-method is-config="true" signature="beforeClass()[pri:0, instance:aaa.bbb.FinalProject.tests.LoginTest@3541cb24]" started-at="2021-06-02T22:22:04 IDT" name="beforeClass" finished-at="2021-06-02T22:22:19 IDT" duration-ms="15044" status="PASS">
          <reporter-output>
          </reporter-output>
        </test-method> <!-- beforeClass -->
        <test-method is-config="true" signature="beforeMethod()[pri:0, instance:aaa.bbb.FinalProject.tests.LoginTest@3541cb24]" started-at="2021-06-02T22:22:19 IDT" name="beforeMethod" finished-at="2021-06-02T22:22:19 IDT" duration-ms="0" status="PASS">
          <reporter-output>
          </reporter-output>
        </test-method> <!-- beforeMethod -->
        <test-method signature="f()[pri:0, instance:aaa.bbb.FinalProject.tests.LoginTest@3541cb24]" started-at="2021-06-02T22:22:19 IDT" name="f" finished-at="2021-06-02T22:22:27 IDT" duration-ms="7606" status="PASS">
          <reporter-output>
          </reporter-output>
        </test-method> <!-- f -->
        <test-method is-config="true" signature="afterMethod()[pri:0, instance:aaa.bbb.FinalProject.tests.LoginTest@3541cb24]" started-at="2021-06-02T22:22:27 IDT" name="afterMethod" finished-at="2021-06-02T22:22:27 IDT" duration-ms="0" status="PASS">
          <reporter-output>
          </reporter-output>
        </test-method> <!-- afterMethod -->
        <test-method is-config="true" signature="afterClass()[pri:0, instance:aaa.bbb.FinalProject.tests.LoginTest@3541cb24]" started-at="2021-06-02T22:22:27 IDT" name="afterClass" finished-at="2021-06-02T22:22:28 IDT" duration-ms="1056" status="PASS">
          <reporter-output>
          </reporter-output>
        </test-method> <!-- afterClass -->
      </class> <!-- aaa.bbb.FinalProject.tests.LoginTest -->
    </test> <!-- Default test -->
  </suite> <!-- Default suite -->
</testng-results>
